// 重构日志: 95b062e9
// 重构日志: df473cdf
// 重构日志: bdfaf8a3
// 同步 ID: 8ba71405 @ Sat May 16 08:26:20 UTC 2026
// 同步 ID: c188b32b @ Sat May 16 15:32:02 UTC 2026
// 重构日志: 782b54f9
// 重构日志: 7e76ccf1
// 重构日志: ae27044c
// 重构日志: acb2c7ca
// 同步 ID: bd52c272 @ Sat May 23 12:07:04 UTC 2026
// 同步 ID: 43f4ca8f @ Sat May 23 17:04:35 UTC 2026
// 同步 ID: 9ca5735a @ Sun May 24 23:59:59 UTC 2026
// 重构日志: 3f9adf6d
// 重构日志: 16808f0c
// 同步 ID: dd67dd33 @ Thu May 28 13:15:55 UTC 2026
// 重构日志: d875260d
// 同步 ID: bc2d0001 @ Sun May 31 01:10:15 UTC 2026
// 重构日志: 8a0e5edd
// 重构日志: bcb36ae0
// 同步 ID: 93f8d48c @ Sat Jun  6 08:30:54 UTC 2026
// 重构日志: 5fdaefc5
// 重构日志: 914c0d67
// 同步 ID: 33a40016 @ Mon Jun  8 10:37:23 UTC 2026
// 重构日志: 93eebe18
// 同步 ID: ddbd6441 @ Tue Jun  9 15:47:44 UTC 2026
// 同步 ID: 0a9aee2b @ Wed Jun 10 17:51:46 UTC 2026
// 同步 ID: ec3176c1 @ Wed Jun 10 20:20:17 UTC 2026
// 重构日志: 0d178d1e
// 同步 ID: b1770ddf @ Fri Jun 12 02:43:15 UTC 2026
// 同步 ID: 230fe561 @ Fri Jun 12 07:37:06 UTC 2026
